[2021/05/06 14:52:09] Server is running on port: 9090
[2021/05/06 14:52:11] Handling client#0 in Thread-5
[2021/05/06 14:52:21] Received 'apple, banana, orange' from client#0
[2021/05/06 14:52:21] Response sent to client#0
[2021/05/06 14:52:33] Received 'house' from client#0
[2021/05/06 14:52:33] Response sent to client#0
[2021/05/06 14:52:37] Handling client#1 in Thread-6
[2021/05/06 14:52:45] Received 'march' from client#1
[2021/05/06 14:52:45] Response sent to client#1
[2021/05/06 14:52:48] Received 'merch' from client#1
[2021/05/06 14:52:48] Response sent to client#1
[2021/05/06 14:52:56] Received 'today sunday' from client#1
[2021/05/06 14:52:56] Response sent to client#1
[2021/05/06 14:53:07] Received ' never seen' from client#1
[2021/05/06 14:53:07] Response sent to client#1
[2021/05/06 14:53:16] Received 'mother board' from client#0
[2021/05/06 14:53:16] Response sent to client#0
[2021/05/06 14:53:24] Received 'hello guys' from client#1
[2021/05/06 14:53:24] Response sent to client#1
[2021/05/06 14:53:33] Done work with client#1
[2021/05/06 14:53:41] Received 'omg man' from client#0
[2021/05/06 14:53:41] Response sent to client#0
[2021/05/06 14:53:43] Done work with client#0
[2021/05/06 14:53:44] Shutting down the server.
